[debug] [2021-10-10T00:07:01.160Z] ----------------------------------------------------------------------
[debug] [2021-10-10T00:07:01.162Z] Command:       C:\Program Files\nodejs\node.exe C:\Users\Jona\AppData\Roaming\npm\node_modules\firebase-tools\lib\bin\firebase.js init
[debug] [2021-10-10T00:07:01.162Z] CLI Version:   9.20.0
[debug] [2021-10-10T00:07:01.162Z] Platform:      win32
[debug] [2021-10-10T00:07:01.162Z] Node Version:  v14.18.0
[debug] [2021-10-10T00:07:01.163Z] Time:          Sat Oct 09 2021 21:07:01 GMT-0300 (hora estándar de Argentina)
[debug] [2021-10-10T00:07:01.163Z] ----------------------------------------------------------------------
[debug] 
[debug] [2021-10-10T00:07:01.169Z] > command requires scopes: ["email","openid","https://www.googleapis.com/auth/cloudplatformprojects.readonly","https://www.googleapis.com/auth/firebase","https://www.googleapis.com/auth/cloud-platform"]
[debug] [2021-10-10T00:07:01.169Z] > authorizing via signed-in user (jona.antonio90@gmail.com)
[info] 
     ######## #### ########  ######## ########     ###     ######  ########
     ##        ##  ##     ## ##       ##     ##  ##   ##  ##       ##
     ######    ##  ########  ######   ########  #########  ######  ######
     ##        ##  ##    ##  ##       ##     ## ##     ##       ## ##
     ##       #### ##     ## ######## ########  ##     ##  ######  ########

You're about to initialize a Firebase project in this directory:

  D:\Jona\Proyectos Jonas\tweetsSimulatorReact

[info] 
=== Project Setup
[info] 
[info] First, let's associate this project directory with a Firebase project.
[info] You can create multiple project aliases by running firebase use --add, 
[info] but for now we'll just set up a default project.
[info] 
[debug] [2021-10-10T00:07:17.687Z] > refreshing access token with scopes: []
[debug] [2021-10-10T00:07:17.687Z] >>> HTTP REQUEST POST https://www.googleapis.com/oauth2/v3/token  
 <request body omitted>
[debug] [2021-10-10T00:07:17.818Z] <<< HTTP RESPONSE 200 {"cache-control":"no-cache, no-store, max-age=0, must-revalidate","expires":"Mon, 01 Jan 1990 00:00:00 GMT","pragma":"no-cache","date":"Sun, 10 Oct 2021 00:07:18 GMT","content-type":"application/json; charset=utf-8","vary":"X-Origin, Referer, Origin,Accept-Encoding","server":"scaffolding on HTTPServer2","x-xss-protection":"0","x-frame-options":"SAMEORIGIN","x-content-type-options":"nosniff","alt-svc":"h3=\":443\"; ma=2592000,h3-29=\":443\"; ma=2592000,h3-T051=\":443\"; ma=2592000,h3-Q050=\":443\"; ma=2592000,h3-Q046=\":443\"; ma=2592000,h3-Q043=\":443\"; ma=2592000,quic=\":443\"; ma=2592000; v=\"46,43\"","accept-ranges":"none","transfer-encoding":"chunked"}
[debug] [2021-10-10T00:07:17.827Z] >>> [apiv2][query] GET https://firebase.googleapis.com/v1beta1/projects pageSize=100
[debug] [2021-10-10T00:07:18.903Z] <<< [apiv2][status] GET https://firebase.googleapis.com/v1beta1/projects 200
[debug] [2021-10-10T00:07:18.903Z] <<< [apiv2][body] GET https://firebase.googleapis.com/v1beta1/projects [omitted]
[debug] [2021-10-10T00:07:41.500Z] ----------------------------------------------------------------------
[debug] [2021-10-10T00:07:41.502Z] Command:       C:\Program Files\nodejs\node.exe C:\Users\Jona\AppData\Roaming\npm\node_modules\firebase-tools\lib\bin\firebase.js init
[debug] [2021-10-10T00:07:41.502Z] CLI Version:   9.20.0
[debug] [2021-10-10T00:07:41.502Z] Platform:      win32
[debug] [2021-10-10T00:07:41.502Z] Node Version:  v14.18.0
[debug] [2021-10-10T00:07:41.503Z] Time:          Sat Oct 09 2021 21:07:41 GMT-0300 (hora estándar de Argentina)
[debug] [2021-10-10T00:07:41.503Z] ----------------------------------------------------------------------
[debug] 
[debug] [2021-10-10T00:07:41.509Z] > command requires scopes: ["email","openid","https://www.googleapis.com/auth/cloudplatformprojects.readonly","https://www.googleapis.com/auth/firebase","https://www.googleapis.com/auth/cloud-platform"]
[debug] [2021-10-10T00:07:41.509Z] > authorizing via signed-in user (jona.antonio90@gmail.com)
[info] 
     ######## #### ########  ######## ########     ###     ######  ########
     ##        ##  ##     ## ##       ##     ##  ##   ##  ##       ##
     ######    ##  ########  ######   ########  #########  ######  ######
     ##        ##  ##    ##  ##       ##     ## ##     ##       ## ##
     ##       #### ##     ## ######## ########  ##     ##  ######  ########

You're about to initialize a Firebase project in this directory:

  D:\Jona\Proyectos Jonas\tweetsSimulatorReact

[info] 
=== Project Setup
[info] 
[info] First, let's associate this project directory with a Firebase project.
[info] You can create multiple project aliases by running firebase use --add, 
[info] but for now we'll just set up a default project.
[info] 
[info] i  If you want to create a project in a Google Cloud organization or folder, please use "firebase projects:create" instead, and return to this command when you've created the project. 
